# JRE version: OpenJDK Runtime Environment (8.0_242-b01) (build 1.8.0_242-release-1644-b01)
# Java VM: OpenJDK 64-Bit Server VM (25.242-b01 mixed mode windows-amd64 compressed oops)
Heap:
 PSYoungGen      total 627712K, used 344783K [0x00000000d5580000, 0x00000000ffa80000, 0x0000000100000000)
  eden space 562176K, 60% used [0x00000000d5580000,0x00000000e9ff4750,0x00000000f7a80000)
  from space 65536K, 9% used [0x00000000fba80000,0x00000000fc0bf6e8,0x00000000ffa80000)
  to   space 65536K, 0% used [0x00000000f7a80000,0x00000000f7a80000,0x00000000fba80000)
 ParOldGen       total 460800K, used 369273K [0x0000000080000000, 0x000000009c200000, 0x00000000d5580000)
  object space 460800K, 80% used [0x0000000080000000,0x000000009689e420,0x000000009c200000)
 Metaspace       used 170166K, capacity 181234K, committed 183244K, reserved 1208320K
  class space    used 21529K, capacity 23561K, committed 24064K, reserved 1048576K
GC Heap History (10 events):
Event: 1355.527 GC heap before
{Heap before GC invocations=77 (full 7):
 PSYoungGen      total 600576K, used 542415K [0x00000000d5580000, 0x00000000ff780000, 0x0000000100000000)
  eden space 519168K, 100% used [0x00000000d5580000,0x00000000f5080000,0x00000000f5080000)
  from space 81408K, 28% used [0x00000000f5080000,0x00000000f6733ce8,0x00000000fa000000)
  to   space 76800K, 0% used [0x00000000fac80000,0x00000000fac80000,0x00000000ff780000)
 ParOldGen       total 460800K, used 335963K [0x0000000080000000, 0x000000009c200000, 0x00000000d5580000)
  object space 460800K, 72% used [0x0000000080000000,0x0000000094816c08,0x000000009c200000)
 Metaspace       used 169916K, capacity 181028K, committed 183244K, reserved 1208320K
  class space    used 21511K, capacity 23548K, committed 24064K, reserved 1048576K
Event: 1355.607 GC heap after
Heap after GC invocations=77 (full 7):
 PSYoungGen      total 613376K, used 24257K [0x00000000d5580000, 0x00000000ff380000, 0x0000000100000000)
  eden space 540672K, 0% used [0x00000000d5580000,0x00000000d5580000,0x00000000f6580000)
  from space 72704K, 33% used [0x00000000fac80000,0x00000000fc4306d8,0x00000000ff380000)
  to   space 72704K, 0% used [0x00000000f6580000,0x00000000f6580000,0x00000000fac80000)
 ParOldGen       total 460800K, used 345721K [0x0000000080000000, 0x000000009c200000, 0x00000000d5580000)
  object space 460800K, 75% used [0x0000000080000000,0x000000009519e6a0,0x000000009c200000)
 Metaspace       used 169916K, capacity 181028K, committed 183244K, reserved 1208320K
  class space    used 21511K, capacity 23548K, committed 24064K, reserved 1048576K
}
Event: 1356.275 GC heap before
{Heap before GC invocations=78 (full 7):
 PSYoungGen      total 613376K, used 564929K [0x00000000d5580000, 0x00000000ff380000, 0x0000000100000000)
  eden space 540672K, 100% used [0x00000000d5580000,0x00000000f6580000,0x00000000f6580000)
  from space 72704K, 33% used [0x00000000fac80000,0x00000000fc4306d8,0x00000000ff380000)
  to   space 72704K, 0% used [0x00000000f6580000,0x00000000f6580000,0x00000000fac80000)
 ParOldGen       total 460800K, used 345721K [0x0000000080000000, 0x000000009c200000, 0x00000000d5580000)
  object space 460800K, 75% used [0x0000000080000000,0x000000009519e6a0,0x000000009c200000)
 Metaspace       used 169922K, capacity 181028K, committed 183244K, reserved 1208320K
  class space    used 21511K, capacity 23548K, committed 24064K, reserved 1048576K
Event: 1356.308 GC heap after
Heap after GC invocations=78 (full 7):
 PSYoungGen      total 613376K, used 13280K [0x00000000d5580000, 0x00000000ffc00000, 0x0000000100000000)
  eden space 540672K, 0% used [0x00000000d5580000,0x00000000d5580000,0x00000000f6580000)
  from space 72704K, 18% used [0x00000000f6580000,0x00000000f7278090,0x00000000fac80000)
  to   space 70656K, 0% used [0x00000000fb700000,0x00000000fb700000,0x00000000ffc00000)
 ParOldGen       total 460800K, used 353467K [0x0000000080000000, 0x000000009c200000, 0x00000000d5580000)
  object space 460800K, 76% used [0x0000000080000000,0x000000009592ee70,0x000000009c200000)
 Metaspace       used 169922K, capacity 181028K, committed 183244K, reserved 1208320K
  class space    used 21511K, capacity 23548K, committed 24064K, reserved 1048576K
}
Event: 1357.108 GC heap before
{Heap before GC invocations=79 (full 7):
 PSYoungGen      total 613376K, used 553952K [0x00000000d5580000, 0x00000000ffc00000, 0x0000000100000000)
  eden space 540672K, 100% used [0x00000000d5580000,0x00000000f6580000,0x00000000f6580000)
  from space 72704K, 18% used [0x00000000f6580000,0x00000000f7278090,0x00000000fac80000)
  to   space 70656K, 0% used [0x00000000fb700000,0x00000000fb700000,0x00000000ffc00000)
 ParOldGen       total 460800K, used 353467K [0x0000000080000000, 0x000000009c200000, 0x00000000d5580000)
  object space 460800K, 76% used [0x0000000080000000,0x000000009592ee70,0x000000009c200000)
 Metaspace       used 169976K, capacity 181092K, committed 183244K, reserved 1208320K
  class space    used 21511K, capacity 23548K, committed 24064K, reserved 1048576K
Event: 1357.127 GC heap after
Heap after GC invocations=79 (full 7):
 PSYoungGen      total 624640K, used 8125K [0x00000000d5580000, 0x00000000ffb00000, 0x0000000100000000)
  eden space 555008K, 0% used [0x00000000d5580000,0x00000000d5580000,0x00000000f7380000)
  from space 69632K, 11% used [0x00000000fb700000,0x00000000fbeef758,0x00000000ffb00000)
  to   space 69120K, 0% used [0x00000000f7380000,0x00000000f7380000,0x00000000fb700000)
 ParOldGen       total 460800K, used 358191K [0x0000000080000000, 0x000000009c200000, 0x00000000d5580000)
  object space 460800K, 77% used [0x0000000080000000,0x0000000095dcbe70,0x000000009c200000)
 Metaspace       used 169976K, capacity 181092K, committed 183244K, reserved 1208320K
  class space    used 21511K, capacity 23548K, committed 24064K, reserved 1048576K
}
Event: 1358.482 GC heap before
{Heap before GC invocations=80 (full 7):
 PSYoungGen      total 624640K, used 563133K [0x00000000d5580000, 0x00000000ffb00000, 0x0000000100000000)
  eden space 555008K, 100% used [0x00000000d5580000,0x00000000f7380000,0x00000000f7380000)
  from space 69632K, 11% used [0x00000000fb700000,0x00000000fbeef758,0x00000000ffb00000)
  to   space 69120K, 0% used [0x00000000f7380000,0x00000000f7380000,0x00000000fb700000)
 ParOldGen       total 460800K, used 358191K [0x0000000080000000, 0x000000009c200000, 0x00000000d5580000)
  object space 460800K, 77% used [0x0000000080000000,0x0000000095dcbe70,0x000000009c200000)
 Metaspace       used 169995K, capacity 181092K, committed 183244K, reserved 1208320K
  class space    used 21511K, capacity 23548K, committed 24064K, reserved 1048576K
Event: 1358.502 GC heap after
Heap after GC invocations=80 (full 7):
 PSYoungGen      total 624128K, used 8149K [0x00000000d5580000, 0x00000000ffc80000, 0x0000000100000000)
  eden space 555008K, 0% used [0x00000000d5580000,0x00000000d5580000,0x00000000f7380000)
  from space 69120K, 11% used [0x00000000f7380000,0x00000000f7b75558,0x00000000fb700000)
  to   space 67584K, 0% used [0x00000000fba80000,0x00000000fba80000,0x00000000ffc80000)
 ParOldGen       total 460800K, used 363164K [0x0000000080000000, 0x000000009c200000, 0x00000000d5580000)
  object space 460800K, 78% used [0x0000000080000000,0x00000000962a7298,0x000000009c200000)
 Metaspace       used 169995K, capacity 181092K, committed 183244K, reserved 1208320K
  class space    used 21511K, capacity 23548K, committed 24064K, reserved 1048576K
}
Event: 1360.549 GC heap before
{Heap before GC invocations=81 (full 7):
 PSYoungGen      total 624128K, used 563157K [0x00000000d5580000, 0x00000000ffc80000, 0x0000000100000000)
  eden space 555008K, 100% used [0x00000000d5580000,0x00000000f7380000,0x00000000f7380000)
  from space 69120K, 11% used [0x00000000f7380000,0x00000000f7b75558,0x00000000fb700000)
  to   space 67584K, 0% used [0x00000000fba80000,0x00000000fba80000,0x00000000ffc80000)
 ParOldGen       total 460800K, used 363164K [0x0000000080000000, 0x000000009c200000, 0x00000000d5580000)
  object space 460800K, 78% used [0x0000000080000000,0x00000000962a7298,0x000000009c200000)
 Metaspace       used 170015K, capacity 181130K, committed 183244K, reserved 1208320K
  class space    used 21516K, capacity 23555K, committed 24064K, reserved 1048576K
Event: 1360.565 GC heap after
Heap after GC invocations=81 (full 7):
 PSYoungGen      total 627712K, used 6397K [0x00000000d5580000, 0x00000000ffa80000, 0x0000000100000000)
  eden space 562176K, 0% used [0x00000000d5580000,0x00000000d5580000,0x00000000f7a80000)
  from space 65536K, 9% used [0x00000000fba80000,0x00000000fc0bf6e8,0x00000000ffa80000)
  to   space 65536K, 0% used [0x00000000f7a80000,0x00000000f7a80000,0x00000000fba80000)
 ParOldGen       total 460800K, used 369273K [0x0000000080000000, 0x000000009c200000, 0x00000000d5580000)
  object space 460800K, 80% used [0x0000000080000000,0x000000009689e420,0x000000009c200000)
 Metaspace       used 170015K, capacity 181130K, committed 183244K, reserved 1208320K
  class space    used 21516K, capacity 23555K, committed 24064K, reserved 1048576K
}

